# JRE version: OpenJDK Runtime Environment (11.0.12+7) (build 11.0.12+7-b1504.28-7817840)
# Java VM: OpenJDK 64-Bit Server VM (11.0.12+7-b1504.28-7817840, mixed mode, tiered, compressed oops, g1 gc, windows-amd64)
Heap:
 garbage-first heap   total 194560K, used 55142K [0x00000000a0000000, 0x0000000100000000)
  region size 1024K, 39 young (39936K), 6 survivors (6144K)
 Metaspace       used 37899K, capacity 38754K, committed 39116K, reserved 1083392K
  class space    used 4899K, capacity 5254K, committed 5376K, reserved 1048576K
GC Heap History (8 events):
Event: 1.304 GC heap before
{Heap before GC invocations=0 (full 0):
 garbage-first heap   total 194560K, used 29696K [0x00000000a0000000, 0x0000000100000000)
  region size 1024K, 24 young (24576K), 0 survivors (0K)
 Metaspace       used 9749K, capacity 9896K, committed 10112K, reserved 1058816K
  class space    used 1011K, capacity 1069K, committed 1152K, reserved 1048576K
}
Event: 1.310 GC heap after
{Heap after GC invocations=1 (full 0):
 garbage-first heap   total 194560K, used 9228K [0x00000000a0000000, 0x0000000100000000)
  region size 1024K, 3 young (3072K), 3 survivors (3072K)
 Metaspace       used 9749K, capacity 9896K, committed 10112K, reserved 1058816K
  class space    used 1011K, capacity 1069K, committed 1152K, reserved 1048576K
}
Event: 9.612 GC heap before
{Heap before GC invocations=1 (full 0):
 garbage-first heap   total 194560K, used 109580K [0x00000000a0000000, 0x0000000100000000)
  region size 1024K, 102 young (104448K), 3 survivors (3072K)
 Metaspace       used 20625K, capacity 21068K, committed 21248K, reserved 1067008K
  class space    used 2509K, capacity 2691K, committed 2816K, reserved 1048576K
}
Event: 9.622 GC heap after
{Heap after GC invocations=2 (full 0):
 garbage-first heap   total 194560K, used 17240K [0x00000000a0000000, 0x0000000100000000)
  region size 1024K, 11 young (11264K), 11 survivors (11264K)
 Metaspace       used 20625K, capacity 21068K, committed 21248K, reserved 1067008K
  class space    used 2509K, capacity 2691K, committed 2816K, reserved 1048576K
}
Event: 11.965 GC heap before
{Heap before GC invocations=3 (full 0):
 garbage-first heap   total 194560K, used 76632K [0x00000000a0000000, 0x0000000100000000)
  region size 1024K, 69 young (70656K), 11 survivors (11264K)
 Metaspace       used 26965K, capacity 27582K, committed 27904K, reserved 1073152K
  class space    used 3520K, capacity 3766K, committed 3840K, reserved 1048576K
}
Event: 11.973 GC heap after
{Heap after GC invocations=4 (full 0):
 garbage-first heap   total 194560K, used 19611K [0x00000000a0000000, 0x0000000100000000)
  region size 1024K, 3 young (3072K), 3 survivors (3072K)
 Metaspace       used 26965K, capacity 27582K, committed 27904K, reserved 1073152K
  class space    used 3520K, capacity 3766K, committed 3840K, reserved 1048576K
}
Event: 14.409 GC heap before
{Heap before GC invocations=4 (full 0):
 garbage-first heap   total 194560K, used 76955K [0x00000000a0000000, 0x0000000100000000)
  region size 1024K, 60 young (61440K), 3 survivors (3072K)
 Metaspace       used 35043K, capacity 35826K, committed 35840K, reserved 1081344K
  class space    used 4540K, capacity 4855K, committed 4864K, reserved 1048576K
}
Event: 14.419 GC heap after
{Heap after GC invocations=5 (full 0):
 garbage-first heap   total 194560K, used 22374K [0x00000000a0000000, 0x0000000100000000)
  region size 1024K, 6 young (6144K), 6 survivors (6144K)
 Metaspace       used 35043K, capacity 35826K, committed 35840K, reserved 1081344K
  class space    used 4540K, capacity 4855K, committed 4864K, reserved 1048576K
}

