# JRE version: OpenJDK Runtime Environment (11.0.12+7) (build 11.0.12+7-b1504.28-7817840)
# Java VM: OpenJDK 64-Bit Server VM (11.0.12+7-b1504.28-7817840, mixed mode, tiered, compressed oops, g1 gc, windows-amd64)
Heap:
 garbage-first heap   total 194560K, used 18736K [0x00000000a0000000, 0x0000000100000000)
  region size 1024K, 3 young (3072K), 3 survivors (3072K)
 Metaspace       used 26393K, capacity 26963K, committed 27008K, reserved 1083392K
  class space    used 3455K, capacity 3667K, committed 3712K, reserved 1048576K
GC Heap History (6 events):
Event: 1.165 GC heap before
{Heap before GC invocations=0 (full 0):
 garbage-first heap   total 194560K, used 29696K [0x00000000a0000000, 0x0000000100000000)
  region size 1024K, 24 young (24576K), 0 survivors (0K)
 Metaspace       used 9764K, capacity 9960K, committed 10112K, reserved 1058816K
  class space    used 1013K, capacity 1069K, committed 1152K, reserved 1048576K
}
Event: 1.173 GC heap after
{Heap after GC invocations=1 (full 0):
 garbage-first heap   total 194560K, used 9192K [0x00000000a0000000, 0x0000000100000000)
  region size 1024K, 3 young (3072K), 3 survivors (3072K)
 Metaspace       used 9764K, capacity 9960K, committed 10112K, reserved 1058816K
  class space    used 1013K, capacity 1069K, committed 1152K, reserved 1048576K
}
Event: 6.327 GC heap before
{Heap before GC invocations=1 (full 0):
 garbage-first heap   total 194560K, used 111592K [0x00000000a0000000, 0x0000000100000000)
  region size 1024K, 103 young (105472K), 3 survivors (3072K)
 Metaspace       used 20626K, capacity 21068K, committed 21248K, reserved 1067008K
  class space    used 2509K, capacity 2691K, committed 2816K, reserved 1048576K
}
Event: 6.341 GC heap after
{Heap after GC invocations=2 (full 0):
 garbage-first heap   total 194560K, used 16746K [0x00000000a0000000, 0x0000000100000000)
  region size 1024K, 11 young (11264K), 11 survivors (11264K)
 Metaspace       used 20626K, capacity 21068K, committed 21248K, reserved 1067008K
  class space    used 2509K, capacity 2691K, committed 2816K, reserved 1048576K
}
Event: 7.312 GC heap before
{Heap before GC invocations=3 (full 0):
 garbage-first heap   total 194560K, used 61802K [0x00000000a0000000, 0x0000000100000000)
  region size 1024K, 55 young (56320K), 11 survivors (11264K)
 Metaspace       used 25145K, capacity 25746K, committed 25984K, reserved 1071104K
  class space    used 3246K, capacity 3446K, committed 3456K, reserved 1048576K
}
Event: 7.321 GC heap after
{Heap after GC invocations=4 (full 0):
 garbage-first heap   total 194560K, used 18664K [0x00000000a0000000, 0x0000000100000000)
  region size 1024K, 3 young (3072K), 3 survivors (3072K)
 Metaspace       used 25145K, capacity 25746K, committed 25984K, reserved 1071104K
  class space    used 3246K, capacity 3446K, committed 3456K, reserved 1048576K
}

